============================= test session starts =============================
platform win32 -- Python 3.14.2, pytest-9.0.2, pluggy-1.6.0 -- C:\Python314\python.exe
cachedir: .pytest_cache
rootdir: C:\API\interno\backend\master_data_service
configfile: pytest.ini
plugins: asyncio-1.3.0, anyio-4.12.1
asyncio: mode=Mode.AUTO, debug=False, asyncio_default_fixture_loop_scope=None, asyncio_default_test_loop_scope=function
collecting ... collected 3 items

tests/test_smoke.py::test_health_check PASSED                            [ 33%]
tests/test_smoke.py::test_um_creation ERROR                              [ 66%]
tests/test_smoke.py::test_category_creation ERROR                        [100%]

=================================== ERRORS ====================================
_____________________ ERROR at setup of test_um_creation ______________________
C:\Users\flore\AppData\Roaming\Python\Python314\site-packages\pytest_asyncio\plugin.py:458: in setup
    return super().setup()
           ^^^^^^^^^^^^^^^
C:\Users\flore\AppData\Roaming\Python\Python314\site-packages\pytest_asyncio\plugin.py:743: in pytest_fixture_setup
    hook_result = yield
                  ^^^^^
C:\Users\flore\AppData\Roaming\Python\Python314\site-packages\pytest_asyncio\plugin.py:313: in _asyncgen_fixture_wrapper
    result = runner.run(setup(), context=context)
             ^^^^^^^^^^^^^^^^^^^^^^^^^^^^^^^^^^^^
C:\Python314\Lib\asyncio\runners.py:127: in run
    return self._loop.run_until_complete(task)
           ^^^^^^^^^^^^^^^^^^^^^^^^^^^^^^^^^^^
C:\Python314\Lib\asyncio\base_events.py:719: in run_until_complete
    return future.result()
           ^^^^^^^^^^^^^^^
C:\Users\flore\AppData\Roaming\Python\Python314\site-packages\pytest_asyncio\plugin.py:309: in setup
    res = await gen_obj.__anext__()
          ^^^^^^^^^^^^^^^^^^^^^^^^^
tests\conftest.py:33: in db_engine
    await conn.run_sync(Base.metadata.create_all)
C:\Python314\Lib\site-packages\sqlalchemy\ext\asyncio\engine.py:888: in run_sync
    return await greenlet_spawn(
C:\Python314\Lib\site-packages\sqlalchemy\util\_concurrency_py3k.py:203: in greenlet_spawn
    result = context.switch(value)
             ^^^^^^^^^^^^^^^^^^^^^
C:\Python314\Lib\site-packages\sqlalchemy\sql\schema.py:5928: in create_all
    bind._run_ddl_visitor(
C:\Python314\Lib\site-packages\sqlalchemy\engine\base.py:2467: in _run_ddl_visitor
    ).traverse_single(element)
      ^^^^^^^^^^^^^^^^^^^^^^^^
C:\Python314\Lib\site-packages\sqlalchemy\sql\visitors.py:661: in traverse_single
    return meth(obj, **kw)
           ^^^^^^^^^^^^^^^
C:\Python314\Lib\site-packages\sqlalchemy\sql\ddl.py:962: in visit_metadata
    collection = sort_tables_and_constraints(
C:\Python314\Lib\site-packages\sqlalchemy\sql\ddl.py:1394: in sort_tables_and_constraints
    dependent_on = fkc.referred_table
                   ^^^^^^^^^^^^^^^^^^
C:\Python314\Lib\site-packages\sqlalchemy\sql\schema.py:4799: in referred_table
    return self.elements[0].column.table
           ^^^^^^^^^^^^^^^^^^^^^^^
C:\Python314\Lib\site-packages\sqlalchemy\util\langhelpers.py:1226: in __get__
    obj.__dict__[self.__name__] = result = self.fget(obj)
                                           ^^^^^^^^^^^^^^
C:\Python314\Lib\site-packages\sqlalchemy\sql\schema.py:3199: in column
    return self._resolve_column()
           ^^^^^^^^^^^^^^^^^^^^^^
C:\Python314\Lib\site-packages\sqlalchemy\sql\schema.py:3222: in _resolve_column
    raise exc.NoReferencedTableError(
E   sqlalchemy.exc.NoReferencedTableError: Foreign key associated with column 'products.category_id' could not find table 'product_categories' with which to generate a foreign key to target column 'id'
__________________ ERROR at setup of test_category_creation ___________________
C:\Users\flore\AppData\Roaming\Python\Python314\site-packages\pytest_asyncio\plugin.py:458: in setup
    return super().setup()
           ^^^^^^^^^^^^^^^
C:\Users\flore\AppData\Roaming\Python\Python314\site-packages\pytest_asyncio\plugin.py:313: in _asyncgen_fixture_wrapper
    result = runner.run(setup(), context=context)
             ^^^^^^^^^^^^^^^^^^^^^^^^^^^^^^^^^^^^
C:\Python314\Lib\asyncio\runners.py:127: in run
    return self._loop.run_until_complete(task)
           ^^^^^^^^^^^^^^^^^^^^^^^^^^^^^^^^^^^
C:\Python314\Lib\asyncio\base_events.py:719: in run_until_complete
    return future.result()
           ^^^^^^^^^^^^^^^
C:\Users\flore\AppData\Roaming\Python\Python314\site-packages\pytest_asyncio\plugin.py:309: in setup
    res = await gen_obj.__anext__()
          ^^^^^^^^^^^^^^^^^^^^^^^^^
tests\conftest.py:33: in db_engine
    await conn.run_sync(Base.metadata.create_all)
C:\Python314\Lib\site-packages\sqlalchemy\ext\asyncio\engine.py:888: in run_sync
    return await greenlet_spawn(
C:\Python314\Lib\site-packages\sqlalchemy\util\_concurrency_py3k.py:203: in greenlet_spawn
    result = context.switch(value)
             ^^^^^^^^^^^^^^^^^^^^^
C:\Python314\Lib\site-packages\sqlalchemy\sql\schema.py:5928: in create_all
    bind._run_ddl_visitor(
C:\Python314\Lib\site-packages\sqlalchemy\engine\base.py:2467: in _run_ddl_visitor
    ).traverse_single(element)
      ^^^^^^^^^^^^^^^^^^^^^^^^
C:\Python314\Lib\site-packages\sqlalchemy\sql\visitors.py:661: in traverse_single
    return meth(obj, **kw)
           ^^^^^^^^^^^^^^^
C:\Python314\Lib\site-packages\sqlalchemy\sql\ddl.py:962: in visit_metadata
    collection = sort_tables_and_constraints(
C:\Python314\Lib\site-packages\sqlalchemy\sql\ddl.py:1394: in sort_tables_and_constraints
    dependent_on = fkc.referred_table
                   ^^^^^^^^^^^^^^^^^^
C:\Python314\Lib\site-packages\sqlalchemy\sql\schema.py:4799: in referred_table
    return self.elements[0].column.table
           ^^^^^^^^^^^^^^^^^^^^^^^
C:\Python314\Lib\site-packages\sqlalchemy\util\langhelpers.py:1226: in __get__
    obj.__dict__[self.__name__] = result = self.fget(obj)
                                           ^^^^^^^^^^^^^^
C:\Python314\Lib\site-packages\sqlalchemy\sql\schema.py:3199: in column
    return self._resolve_column()
           ^^^^^^^^^^^^^^^^^^^^^^
C:\Python314\Lib\site-packages\sqlalchemy\sql\schema.py:3222: in _resolve_column
    raise exc.NoReferencedTableError(
E   sqlalchemy.exc.NoReferencedTableError: Foreign key associated with column 'products.category_id' could not find table 'product_categories' with which to generate a foreign key to target column 'id'
=========================== short test summary info ===========================
ERROR tests/test_smoke.py::test_um_creation - sqlalchemy.exc.NoReferencedTabl...
ERROR tests/test_smoke.py::test_category_creation - sqlalchemy.exc.NoReferenc...
========================= 1 passed, 2 errors in 0.60s =========================
